<?xml version="1.0" encoding="UTF-8"?>
<!-- Generated by org.testng.reporters.JUnitXMLReporter -->
<testsuite hostname="com" name="Test" tests="3" failures="0" timestamp="4 Jun 2020 12:43:45 GMT" time="67.651" errors="0">
  <testcase name="Login" time="13.311" classname="com.TestCases.OrangeHRM_Login_TestCase"/>
  <testcase name="Login" time="9.592" classname="com.TestCases.OrangeHRM_Admin_TestCase"/>
  <testcase name="Admin" time="5.96" classname="com.TestCases.OrangeHRM_Admin_TestCase"/>
</testsuite> <!-- Test -->
