<?xml version="1.0" encoding="UTF-8"?>
<!-- Generated by org.testng.reporters.JUnitXMLReporter -->
<testsuite hostname="com" ignored="0" name="POM Test" tests="3" failures="0" timestamp="2020-06-28T11:13:03 IST" time="60.832" errors="0">
  <testcase name="@AfterClass teardown" time="0.003" classname="com.TestCases.OrangeHRM_Login_TestCase">
    <failure type="java.lang.NullPointerException">
      <![CDATA[java.lang.NullPointerException
at com.TestCases.OrangeHRM_Login_TestCase.teardown(OrangeHRM_Login_TestCase.java:37)
at java.util.ArrayList.forEach(ArrayList.java:1257)
... Removed 25 stack frames]]>
    </failure>
  </testcase> <!-- @AfterClass teardown -->
  <testcase name="Login" time="8.095" classname="com.TestCases.OrangeHRM_Login_TestCase"/>
  <testcase name="Login" time="10.035" classname="com.TestCases.OrangeHRM_Admin_TestCase"/>
  <testcase name="Admin" time="4.69" classname="com.TestCases.OrangeHRM_Admin_TestCase"/>
</testsuite> <!-- POM Test -->
