<?xml version="1.0" encoding="UTF-8"?>
<testng-results skipped="0" failed="0" ignored="0" total="3" passed="3">
  <reporter-output>
  </reporter-output>
  <suite name="POM" duration-ms="60832" started-at="2020-06-28T11:12:02 IST" finished-at="2020-06-28T11:13:02 IST">
    <groups>
    </groups>
    <test name="POM Test" duration-ms="60832" started-at="2020-06-28T11:12:02 IST" finished-at="2020-06-28T11:13:02 IST">
      <class name="com.TestCases.OrangeHRM_Login_TestCase">
        <test-method status="PASS" signature="Start()[pri:0, instance:com.TestCases.OrangeHRM_Login_TestCase@4bbfb90a]" name="Start" is-config="true" duration-ms="11587" started-at="2020-06-28T11:12:02 IST" finished-at="2020-06-28T11:12:13 IST">
          <reporter-output>
          </reporter-output>
        </test-method> <!-- Start -->
        <test-method status="PASS" signature="Login()[pri:0, instance:com.TestCases.OrangeHRM_Login_TestCase@4bbfb90a]" name="Login" duration-ms="8095" started-at="2020-06-28T11:12:14 IST" finished-at="2020-06-28T11:12:22 IST">
          <reporter-output>
          </reporter-output>
        </test-method> <!-- Login -->
        <test-method status="FAIL" signature="teardown()[pri:0, instance:com.TestCases.OrangeHRM_Login_TestCase@4bbfb90a]" name="teardown" is-config="true" duration-ms="3" started-at="2020-06-28T11:12:22 IST" finished-at="2020-06-28T11:12:22 IST">
          <exception class="java.lang.NullPointerException">
            <full-stacktrace>
              <![CDATA[java.lang.NullPointerException
at com.TestCases.OrangeHRM_Login_TestCase.teardown(OrangeHRM_Login_TestCase.java:37)
at sun.reflect.NativeMethodAccessorImpl.invoke0(Native Method)
at sun.reflect.NativeMethodAccessorImpl.invoke(NativeMethodAccessorImpl.java:62)
at sun.reflect.DelegatingMethodAccessorImpl.invoke(DelegatingMethodAccessorImpl.java:43)
at java.lang.reflect.Method.invoke(Method.java:498)
at org.testng.internal.MethodInvocationHelper.invokeMethod(MethodInvocationHelper.java:133)
at org.testng.internal.MethodInvocationHelper.invokeMethodConsideringTimeout(MethodInvocationHelper.java:62)
at org.testng.internal.ConfigInvoker.invokeConfigurationMethod(ConfigInvoker.java:340)
at org.testng.internal.ConfigInvoker.invokeConfigurations(ConfigInvoker.java:294)
at org.testng.internal.TestMethodWorker.invokeAfterClassMethods(TestMethodWorker.java:217)
at org.testng.internal.TestMethodWorker.run(TestMethodWorker.java:130)
at java.util.ArrayList.forEach(ArrayList.java:1257)
at org.testng.TestRunner.privateRun(TestRunner.java:770)
at org.testng.TestRunner.run(TestRunner.java:591)
at org.testng.SuiteRunner.runTest(SuiteRunner.java:402)
at org.testng.SuiteRunner.runSequentially(SuiteRunner.java:396)
at org.testng.SuiteRunner.privateRun(SuiteRunner.java:355)
at org.testng.SuiteRunner.run(SuiteRunner.java:304)
at org.testng.SuiteRunnerWorker.runSuite(SuiteRunnerWorker.java:53)
at org.testng.SuiteRunnerWorker.run(SuiteRunnerWorker.java:96)
at org.testng.TestNG.runSuitesSequentially(TestNG.java:1180)
at org.testng.TestNG.runSuitesLocally(TestNG.java:1102)
at org.testng.TestNG.runSuites(TestNG.java:1032)
at org.testng.TestNG.run(TestNG.java:1000)
at org.testng.remote.AbstractRemoteTestNG.run(AbstractRemoteTestNG.java:115)
at org.testng.remote.RemoteTestNG.initAndRun(RemoteTestNG.java:251)
at org.testng.remote.RemoteTestNG.main(RemoteTestNG.java:77)
]]>
            </full-stacktrace>
          </exception> <!-- java.lang.NullPointerException -->
          <reporter-output>
          </reporter-output>
        </test-method> <!-- teardown -->
      </class> <!-- com.TestCases.OrangeHRM_Login_TestCase -->
      <class name="com.TestCases.OrangeHRM_Admin_TestCase">
        <test-method status="PASS" signature="Start()[pri:0, instance:com.TestCases.OrangeHRM_Admin_TestCase@7c29daf3]" name="Start" is-config="true" duration-ms="25084" started-at="2020-06-28T11:12:22 IST" finished-at="2020-06-28T11:12:47 IST">
          <reporter-output>
          </reporter-output>
        </test-method> <!-- Start -->
        <test-method status="PASS" signature="Login()[pri:2, instance:com.TestCases.OrangeHRM_Admin_TestCase@7c29daf3]" name="Login" duration-ms="10035" started-at="2020-06-28T11:12:47 IST" finished-at="2020-06-28T11:12:57 IST">
          <reporter-output>
          </reporter-output>
        </test-method> <!-- Login -->
        <test-method status="PASS" signature="Admin()[pri:0, instance:com.TestCases.OrangeHRM_Admin_TestCase@7c29daf3]" name="Admin" duration-ms="4690" started-at="2020-06-28T11:12:57 IST" depends-on-methods="com.TestCases.OrangeHRM_Admin_TestCase.Login" finished-at="2020-06-28T11:13:02 IST">
          <reporter-output>
          </reporter-output>
        </test-method> <!-- Admin -->
        <test-method status="PASS" signature="teardown()[pri:0, instance:com.TestCases.OrangeHRM_Admin_TestCase@7c29daf3]" name="teardown" is-config="true" duration-ms="992" started-at="2020-06-28T11:13:02 IST" finished-at="2020-06-28T11:13:02 IST">
          <reporter-output>
          </reporter-output>
        </test-method> <!-- teardown -->
      </class> <!-- com.TestCases.OrangeHRM_Admin_TestCase -->
    </test> <!-- POM Test -->
  </suite> <!-- POM -->
</testng-results>
