<?xml version="1.0" encoding="UTF-8"?>
<testng-results skipped="0" failed="0" total="2" passed="2">
  <reporter-output>
  </reporter-output>
  <suite name="Default suite" duration-ms="40314" started-at="2020-06-08T13:06:33Z" finished-at="2020-06-08T13:07:13Z">
    <groups>
    </groups>
    <test name="Default test" duration-ms="40314" started-at="2020-06-08T13:06:33Z" finished-at="2020-06-08T13:07:13Z">
      <class name="com.TestCases.OrangeHRM_Leave_AssignLeave_TestCase">
        <test-method status="PASS" signature="Start()[pri:0, instance:com.TestCases.OrangeHRM_Leave_AssignLeave_TestCase@dbe50f]" name="Start" is-config="true" duration-ms="17822" started-at="2020-06-08T18:36:33Z" finished-at="2020-06-08T18:36:50Z">
          <reporter-output>
          </reporter-output>
        </test-method> <!-- Start -->
        <test-method status="PASS" signature="Login()[pri:2, instance:com.TestCases.OrangeHRM_Leave_AssignLeave_TestCase@dbe50f]" name="Login" duration-ms="9662" started-at="2020-06-08T18:36:50Z" finished-at="2020-06-08T18:37:00Z">
          <reporter-output>
          </reporter-output>
        </test-method> <!-- Login -->
        <test-method status="PASS" signature="Admin()[pri:0, instance:com.TestCases.OrangeHRM_Leave_AssignLeave_TestCase@dbe50f]" name="Admin" duration-ms="10744" started-at="2020-06-08T18:37:00Z" depends-on-methods="com.TestCases.OrangeHRM_Leave_AssignLeave_TestCase.Login" finished-at="2020-06-08T18:37:11Z">
          <reporter-output>
          </reporter-output>
        </test-method> <!-- Admin -->
        <test-method status="PASS" signature="teardown()[pri:0, instance:com.TestCases.OrangeHRM_Leave_AssignLeave_TestCase@dbe50f]" name="teardown" is-config="true" duration-ms="2066" started-at="2020-06-08T18:37:11Z" finished-at="2020-06-08T18:37:13Z">
          <reporter-output>
          </reporter-output>
        </test-method> <!-- teardown -->
      </class> <!-- com.TestCases.OrangeHRM_Leave_AssignLeave_TestCase -->
    </test> <!-- Default test -->
  </suite> <!-- Default suite -->
</testng-results>
